<?xml version="1.0" encoding="UTF-8"?>
<testng-results skipped="0" failed="1" ignored="0" total="12" passed="11">
  <reporter-output>
  </reporter-output>
  <suite name="Default suite" duration-ms="59341" started-at="2018-10-18T11:07:33Z" finished-at="2018-10-18T11:08:32Z">
    <groups>
    </groups>
    <test name="Default test" duration-ms="59341" started-at="2018-10-18T11:07:33Z" finished-at="2018-10-18T11:08:32Z">
      <class name="Selenium.apsrtc">
        <test-method status="PASS" signature="startDriver()[pri:0, instance:Selenium.apsrtc@467aecef]" name="startDriver" is-config="true" duration-ms="13710" started-at="2018-10-18T11:07:33Z" finished-at="2018-10-18T11:07:47Z">
          <reporter-output>
          </reporter-output>
        </test-method> <!-- startDriver -->
        <test-method status="PASS" signature="apsrtc1(java.util.Map)[pri:0, instance:Selenium.apsrtc@467aecef]" name="apsrtc1" duration-ms="3429" started-at="2018-10-18T11:07:47Z" data-provider="readData" finished-at="2018-10-18T11:07:51Z">
          <params>
            <param index="0">
              <value>
                <![CDATA[{T_ID=TC_01, LoginName=, MobileNumber=1111111111, FullName=SFGSFG, e-Mail=balajiemani30@gmail.com, CASE=NULL Login NAME}]]>
              </value>
            </param>
          </params>
          <reporter-output>
          </reporter-output>
        </test-method> <!-- apsrtc1 -->
        <test-method status="PASS" signature="apsrtc1(java.util.Map)[pri:0, instance:Selenium.apsrtc@467aecef]" name="apsrtc1" duration-ms="5558" started-at="2018-10-18T11:07:51Z" data-provider="readData" finished-at="2018-10-18T11:07:56Z">
          <params>
            <param index="0">
              <value>
                <![CDATA[{T_ID=TC_02, LoginName=SFGSFG, MobileNumber=1111111111, FullName=, e-Mail=balajiemani30@gmail.com, CASE=NULL Full Name}]]>
              </value>
            </param>
          </params>
          <reporter-output>
          </reporter-output>
        </test-method> <!-- apsrtc1 -->
        <test-method status="PASS" signature="apsrtc1(java.util.Map)[pri:0, instance:Selenium.apsrtc@467aecef]" name="apsrtc1" duration-ms="4218" started-at="2018-10-18T11:07:56Z" data-provider="readData" finished-at="2018-10-18T11:08:00Z">
          <params>
            <param index="0">
              <value>
                <![CDATA[{T_ID=TC_03, LoginName=FHDGJH, MobileNumber=1111111111, FullName=JDFHJFJ, e-Mail=balajiemani30@gmail.com, CASE=NULL e-Mail}]]>
              </value>
            </param>
          </params>
          <reporter-output>
          </reporter-output>
        </test-method> <!-- apsrtc1 -->
        <test-method status="PASS" signature="apsrtc1(java.util.Map)[pri:0, instance:Selenium.apsrtc@467aecef]" name="apsrtc1" duration-ms="2906" started-at="2018-10-18T11:08:00Z" data-provider="readData" finished-at="2018-10-18T11:08:03Z">
          <params>
            <param index="0">
              <value>
                <![CDATA[{T_ID=TC_04, LoginName=FJFGJ, MobileNumber=, FullName=FGJFGJ, e-Mail=245245225, CASE=NULL Mobile Number}]]>
              </value>
            </param>
          </params>
          <reporter-output>
          </reporter-output>
        </test-method> <!-- apsrtc1 -->
        <test-method status="PASS" signature="apsrtc1(java.util.Map)[pri:0, instance:Selenium.apsrtc@467aecef]" name="apsrtc1" duration-ms="3230" started-at="2018-10-18T11:08:03Z" data-provider="readData" finished-at="2018-10-18T11:08:06Z">
          <params>
            <param index="0">
              <value>
                <![CDATA[{T_ID=TC_05, LoginName=JDGHJDGJ, MobileNumber=1111111111, FullName=HGJDHJDH, e-Mail=balajiemani30@gmail.com, CASE=VALID DATA}]]>
              </value>
            </param>
          </params>
          <reporter-output>
          </reporter-output>
        </test-method> <!-- apsrtc1 -->
        <test-method status="PASS" signature="apsrtc1(java.util.Map)[pri:0, instance:Selenium.apsrtc@467aecef]" name="apsrtc1" duration-ms="2890" started-at="2018-10-18T11:08:06Z" data-provider="readData" finished-at="2018-10-18T11:08:09Z">
          <params>
            <param index="0">
              <value>
                <![CDATA[{T_ID=TC_06, LoginName=LTHL, MobileNumber=1111111111, FullName=TLJL5165, e-Mail=balajiemani30@gmail.com, CASE=INVALID Full Name}]]>
              </value>
            </param>
          </params>
          <reporter-output>
          </reporter-output>
        </test-method> <!-- apsrtc1 -->
        <test-method status="PASS" signature="apsrtc1(java.util.Map)[pri:0, instance:Selenium.apsrtc@467aecef]" name="apsrtc1" duration-ms="5499" started-at="2018-10-18T11:08:09Z" data-provider="readData" finished-at="2018-10-18T11:08:15Z">
          <params>
            <param index="0">
              <value>
                <![CDATA[{T_ID=TC_07, LoginName=KFJK, MobileNumber=1111111111, FullName=KFJK, e-Mail=HGDSFJHABFJ, CASE=INVALID e-Mail}]]>
              </value>
            </param>
          </params>
          <reporter-output>
          </reporter-output>
        </test-method> <!-- apsrtc1 -->
        <test-method status="PASS" signature="apsrtc1(java.util.Map)[pri:0, instance:Selenium.apsrtc@467aecef]" name="apsrtc1" duration-ms="3289" started-at="2018-10-18T11:08:15Z" data-provider="readData" finished-at="2018-10-18T11:08:18Z">
          <params>
            <param index="0">
              <value>
                <![CDATA[{T_ID=TC_08, LoginName=KFJK, MobileNumber=1111111111, FullName=KFJK, e-Mail=ASFJHVAJ574877, CASE=INVALID e-Mail}]]>
              </value>
            </param>
          </params>
          <reporter-output>
          </reporter-output>
        </test-method> <!-- apsrtc1 -->
        <test-method status="PASS" signature="apsrtc1(java.util.Map)[pri:0, instance:Selenium.apsrtc@467aecef]" name="apsrtc1" duration-ms="2848" started-at="2018-10-18T11:08:18Z" data-provider="readData" finished-at="2018-10-18T11:08:21Z">
          <params>
            <param index="0">
              <value>
                <![CDATA[{T_ID=TC_09, LoginName=KFJK, MobileNumber=1111111111, FullName=KFJK, e-Mail=.comm, CASE=INVALID e-Mail}]]>
              </value>
            </param>
          </params>
          <reporter-output>
          </reporter-output>
        </test-method> <!-- apsrtc1 -->
        <test-method status="PASS" signature="apsrtc1(java.util.Map)[pri:0, instance:Selenium.apsrtc@467aecef]" name="apsrtc1" duration-ms="3280" started-at="2018-10-18T11:08:21Z" data-provider="readData" finished-at="2018-10-18T11:08:24Z">
          <params>
            <param index="0">
              <value>
                <![CDATA[{T_ID=TC_10, LoginName=KFJK, MobileNumber=122121, FullName=KFJK, e-Mail=balajiemani30@gmail.com, CASE=INVALID Mobile Number}]]>
              </value>
            </param>
          </params>
          <reporter-output>
          </reporter-output>
        </test-method> <!-- apsrtc1 -->
        <test-method status="PASS" signature="apsrtc1(java.util.Map)[pri:0, instance:Selenium.apsrtc@467aecef]" name="apsrtc1" duration-ms="2969" started-at="2018-10-18T11:08:24Z" data-provider="readData" finished-at="2018-10-18T11:08:27Z">
          <params>
            <param index="0">
              <value>
                <![CDATA[{T_ID=TC_11, LoginName=KFJK, MobileNumber=51cdc, FullName=KFJK, e-Mail=balajiemani30@gmail.com, CASE=INVALID Mobile Number}]]>
              </value>
            </param>
          </params>
          <reporter-output>
          </reporter-output>
        </test-method> <!-- apsrtc1 -->
        <test-method status="FAIL" signature="apsrtc1(java.util.Map)[pri:0, instance:Selenium.apsrtc@467aecef]" name="apsrtc1" duration-ms="2673" started-at="2018-10-18T11:08:27Z" data-provider="readData" finished-at="2018-10-18T11:08:30Z">
          <params>
            <param index="0">
              <value>
                <![CDATA[{T_ID=TC_12, LoginName=KFJK, MobileNumber=151scc@@, FullName=KFJK, e-Mail=balajiemani30@gmail.com, CASE=INVALID Mobile Number}]]>
              </value>
            </param>
          </params>
          <exception class="java.lang.NullPointerException">
            <full-stacktrace>
              <![CDATA[java.lang.NullPointerException
at Selenium.apsrtc.apsrtc1(apsrtc.java:86)
at sun.reflect.NativeMethodAccessorImpl.invoke0(Native Method)
at sun.reflect.NativeMethodAccessorImpl.invoke(Unknown Source)
at sun.reflect.DelegatingMethodAccessorImpl.invoke(Unknown Source)
at java.lang.reflect.Method.invoke(Unknown Source)
at org.testng.internal.MethodInvocationHelper.invokeMethod(MethodInvocationHelper.java:124)
at org.testng.internal.Invoker.invokeMethod(Invoker.java:580)
at org.testng.internal.Invoker.invokeTestMethod(Invoker.java:716)
at org.testng.internal.Invoker.invokeTestMethods(Invoker.java:988)
at org.testng.internal.TestMethodWorker.invokeTestMethods(TestMethodWorker.java:125)
at org.testng.internal.TestMethodWorker.run(TestMethodWorker.java:109)
at org.testng.TestRunner.privateRun(TestRunner.java:648)
at org.testng.TestRunner.run(TestRunner.java:505)
at org.testng.SuiteRunner.runTest(SuiteRunner.java:455)
at org.testng.SuiteRunner.runSequentially(SuiteRunner.java:450)
at org.testng.SuiteRunner.privateRun(SuiteRunner.java:415)
at org.testng.SuiteRunner.run(SuiteRunner.java:364)
at org.testng.SuiteRunnerWorker.runSuite(SuiteRunnerWorker.java:52)
at org.testng.SuiteRunnerWorker.run(SuiteRunnerWorker.java:84)
at org.testng.TestNG.runSuitesSequentially(TestNG.java:1208)
at org.testng.TestNG.runSuitesLocally(TestNG.java:1137)
at org.testng.TestNG.runSuites(TestNG.java:1049)
at org.testng.TestNG.run(TestNG.java:1017)
at org.testng.remote.AbstractRemoteTestNG.run(AbstractRemoteTestNG.java:114)
at org.testng.remote.RemoteTestNG.initAndRun(RemoteTestNG.java:251)
at org.testng.remote.RemoteTestNG.main(RemoteTestNG.java:77)
]]>
            </full-stacktrace>
          </exception> <!-- java.lang.NullPointerException -->
          <reporter-output>
          </reporter-output>
        </test-method> <!-- apsrtc1 -->
        <test-method status="FAIL" signature="closedriver()[pri:0, instance:Selenium.apsrtc@467aecef]" name="closedriver" is-config="true" duration-ms="2122" started-at="2018-10-18T11:08:30Z" finished-at="2018-10-18T11:08:32Z">
          <exception class="org.openqa.selenium.WebDriverException">
            <message>
              <![CDATA[chrome not reachable
  (Session info: chrome=69.0.3497.100)
  (Driver info: chromedriver=2.42.591088 (7b2b2dca23cca0862f674758c9a3933e685c27d5),platform=Windows NT 6.1.7601 SP1 x86_64) (WARNING: The server did not provide any stacktrace information)
Command duration or timeout: 0 milliseconds
Build info: version: '3.14.0', revision: 'aacccce0', time: '2018-08-02T20:05:20.749Z'
System info: host: 'BALAJI-PC', ip: '192.168.1.104', os.name: 'Windows 7', os.arch: 'amd64', os.version: '6.1', java.version: '1.8.0_181'
Driver info: org.openqa.selenium.chrome.ChromeDriver
Capabilities {acceptInsecureCerts: false, acceptSslCerts: false, applicationCacheEnabled: false, browserConnectionEnabled: false, browserName: chrome, chrome: {chromedriverVersion: 2.42.591088 (7b2b2dca23cca0..., userDataDir: C:\Users\Balaji\AppData\Loc...}, cssSelectorsEnabled: true, databaseEnabled: false, goog:chromeOptions: {debuggerAddress: localhost:51173}, handlesAlerts: true, hasTouchScreen: false, javascriptEnabled: true, locationContextEnabled: true, mobileEmulationEnabled: false, nativeEvents: true, networkConnectionEnabled: false, pageLoadStrategy: normal, platform: XP, platformName: XP, rotatable: false, setWindowRect: true, takesHeapSnapshot: true, takesScreenshot: true, unexpectedAlertBehaviour: , unhandledPromptBehavior: , version: 69.0.3497.100, webStorageEnabled: true}
Session ID: 637ddee8a3f217227550301e01d2458f]]>
            </message>
            <full-stacktrace>
              <![CDATA[org.openqa.selenium.WebDriverException: chrome not reachable
  (Session info: chrome=69.0.3497.100)
  (Driver info: chromedriver=2.42.591088 (7b2b2dca23cca0862f674758c9a3933e685c27d5),platform=Windows NT 6.1.7601 SP1 x86_64) (WARNING: The server did not provide any stacktrace information)
Command duration or timeout: 0 milliseconds
Build info: version: '3.14.0', revision: 'aacccce0', time: '2018-08-02T20:05:20.749Z'
System info: host: 'BALAJI-PC', ip: '192.168.1.104', os.name: 'Windows 7', os.arch: 'amd64', os.version: '6.1', java.version: '1.8.0_181'
Driver info: org.openqa.selenium.chrome.ChromeDriver
Capabilities {acceptInsecureCerts: false, acceptSslCerts: false, applicationCacheEnabled: false, browserConnectionEnabled: false, browserName: chrome, chrome: {chromedriverVersion: 2.42.591088 (7b2b2dca23cca0..., userDataDir: C:\Users\Balaji\AppData\Loc...}, cssSelectorsEnabled: true, databaseEnabled: false, goog:chromeOptions: {debuggerAddress: localhost:51173}, handlesAlerts: true, hasTouchScreen: false, javascriptEnabled: true, locationContextEnabled: true, mobileEmulationEnabled: false, nativeEvents: true, networkConnectionEnabled: false, pageLoadStrategy: normal, platform: XP, platformName: XP, rotatable: false, setWindowRect: true, takesHeapSnapshot: true, takesScreenshot: true, unexpectedAlertBehaviour: , unhandledPromptBehavior: , version: 69.0.3497.100, webStorageEnabled: true}
Session ID: 637ddee8a3f217227550301e01d2458f
at sun.reflect.NativeConstructorAccessorImpl.newInstance0(Native Method)
at sun.reflect.NativeConstructorAccessorImpl.newInstance(Unknown Source)
at sun.reflect.DelegatingConstructorAccessorImpl.newInstance(Unknown Source)
at java.lang.reflect.Constructor.newInstance(Unknown Source)
at org.openqa.selenium.remote.ErrorHandler.createThrowable(ErrorHandler.java:214)
at org.openqa.selenium.remote.ErrorHandler.throwIfResponseFailed(ErrorHandler.java:166)
at org.openqa.selenium.remote.http.JsonHttpResponseCodec.reconstructValue(JsonHttpResponseCodec.java:40)
at org.openqa.selenium.remote.http.AbstractHttpResponseCodec.decode(AbstractHttpResponseCodec.java:80)
at org.openqa.selenium.remote.http.AbstractHttpResponseCodec.decode(AbstractHttpResponseCodec.java:44)
at org.openqa.selenium.remote.HttpCommandExecutor.execute(HttpCommandExecutor.java:158)
at org.openqa.selenium.remote.service.DriverCommandExecutor.execute(DriverCommandExecutor.java:83)
at org.openqa.selenium.remote.RemoteWebDriver.execute(RemoteWebDriver.java:548)
at org.openqa.selenium.remote.RemoteWebDriver.execute(RemoteWebDriver.java:605)
at org.openqa.selenium.remote.RemoteWebDriver.close(RemoteWebDriver.java:438)
at Selenium.apsrtc.closedriver(apsrtc.java:47)
at sun.reflect.NativeMethodAccessorImpl.invoke0(Native Method)
at sun.reflect.NativeMethodAccessorImpl.invoke(Unknown Source)
at sun.reflect.DelegatingMethodAccessorImpl.invoke(Unknown Source)
at java.lang.reflect.Method.invoke(Unknown Source)
at org.testng.internal.MethodInvocationHelper.invokeMethod(MethodInvocationHelper.java:124)
at org.testng.internal.MethodInvocationHelper.invokeMethodConsideringTimeout(MethodInvocationHelper.java:59)
at org.testng.internal.Invoker.invokeConfigurationMethod(Invoker.java:455)
at org.testng.internal.Invoker.invokeConfigurations(Invoker.java:222)
at org.testng.internal.Invoker.invokeConfigurations(Invoker.java:142)
at org.testng.internal.TestMethodWorker.invokeAfterClassMethods(TestMethodWorker.java:214)
at org.testng.internal.TestMethodWorker.run(TestMethodWorker.java:111)
at org.testng.TestRunner.privateRun(TestRunner.java:648)
at org.testng.TestRunner.run(TestRunner.java:505)
at org.testng.SuiteRunner.runTest(SuiteRunner.java:455)
at org.testng.SuiteRunner.runSequentially(SuiteRunner.java:450)
at org.testng.SuiteRunner.privateRun(SuiteRunner.java:415)
at org.testng.SuiteRunner.run(SuiteRunner.java:364)
at org.testng.SuiteRunnerWorker.runSuite(SuiteRunnerWorker.java:52)
at org.testng.SuiteRunnerWorker.run(SuiteRunnerWorker.java:84)
at org.testng.TestNG.runSuitesSequentially(TestNG.java:1208)
at org.testng.TestNG.runSuitesLocally(TestNG.java:1137)
at org.testng.TestNG.runSuites(TestNG.java:1049)
at org.testng.TestNG.run(TestNG.java:1017)
at org.testng.remote.AbstractRemoteTestNG.run(AbstractRemoteTestNG.java:114)
at org.testng.remote.RemoteTestNG.initAndRun(RemoteTestNG.java:251)
at org.testng.remote.RemoteTestNG.main(RemoteTestNG.java:77)
]]>
            </full-stacktrace>
          </exception> <!-- org.openqa.selenium.WebDriverException -->
          <reporter-output>
          </reporter-output>
        </test-method> <!-- closedriver -->
      </class> <!-- Selenium.apsrtc -->
    </test> <!-- Default test -->
  </suite> <!-- Default suite -->
</testng-results>
